<?xml version="1.0" encoding="UTF-8"?>
<testng-results skipped="0" failed="0" total="1" passed="1">
  <reporter-output>
  </reporter-output>
  <suite name="接口自动化测试" duration-ms="1047" started-at="2017-05-20T08:33:02Z" finished-at="2017-05-20T08:33:03Z">
    <groups>
    </groups>
    <test name="自动化测试用例" duration-ms="1047" started-at="2017-05-20T08:33:02Z" finished-at="2017-05-20T08:33:03Z">
      <class name="com.mr.abc.TestJsonPath">
        <test-method status="PASS" signature="jsonPathTest()[pri:0, instance:com.mr.abc.TestJsonPath@78c730]" name="jsonPathTest" duration-ms="1016" started-at="2017-05-20T16:33:02Z" finished-at="2017-05-20T16:33:03Z">
          <reporter-output>
          </reporter-output>
        </test-method> <!-- jsonPathTest -->
      </class> <!-- com.mr.abc.TestJsonPath -->
    </test> <!-- 自动化测试用例 -->
  </suite> <!-- 接口自动化测试 -->
</testng-results>
